Starting training... alpha=0.3, seed=0
/project/aip-mtaylor3/cmuslima/ENV/lib/python3.10/site-packages/hydra/_internal/config_loader.py:10: DeprecationWarning: pkg_resources is deprecated as an API. See https://setuptools.pypa.io/en/latest/pkg_resources.html
  from pkg_resources import (
/project/aip-mtaylor3/cmuslima/ENV/lib/python3.10/site-packages/pkg_resources/__init__.py:3143: DeprecationWarning: Deprecated call to `pkg_resources.declare_namespace('google')`.
Implementing implicit namespace packages (as specified in PEP 420) is preferred to `pkg_resources.declare_namespace`. See https://setuptools.pypa.io/en/latest/references/keywords.html#keyword-namespace-packages
  declare_namespace(pkg)
/project/aip-mtaylor3/cmuslima/ENV/lib/python3.10/site-packages/wandb/analytics/sentry.py:90: SentryHubDeprecationWarning: `sentry_sdk.Hub` is deprecated and will be removed in a future major release. Please consult our 1.x to 2.x migration guide for details on how to migrate `Hub` usage to the new API: https://docs.sentry.io/platforms/python/migration/1.x-to-2.x
  self.hub = sentry_sdk.Hub(client)
Traceback (most recent call last):
  File "/scratch/cmuslima/HumanPreferenceLearning-TAC/MRN/train_MRN_TAC.py", line 421, in <module>
    main()
  File "/project/aip-mtaylor3/cmuslima/ENV/lib/python3.10/site-packages/hydra/main.py", line 20, in decorated_main
    run_hydra(
  File "/project/aip-mtaylor3/cmuslima/ENV/lib/python3.10/site-packages/hydra/_internal/utils.py", line 171, in run_hydra
    hydra.run(
  File "/project/aip-mtaylor3/cmuslima/ENV/lib/python3.10/site-packages/hydra/_internal/hydra.py", line 78, in run
    cfg = self.compose_config(
  File "/project/aip-mtaylor3/cmuslima/ENV/lib/python3.10/site-packages/hydra/_internal/hydra.py", line 342, in compose_config
    cfg = self.config_loader.load_configuration(
  File "/project/aip-mtaylor3/cmuslima/ENV/lib/python3.10/site-packages/hydra/_internal/config_loader.py", line 82, in load_configuration
    cfg.merge_with_dotlist(remaining_overrides)
  File "/project/aip-mtaylor3/cmuslima/ENV/lib/python3.10/site-packages/omegaconf/config.py", line 278, in merge_with_dotlist
    self.update(key, value)
  File "/project/aip-mtaylor3/cmuslima/ENV/lib/python3.10/site-packages/omegaconf/config.py", line 299, in update
    root[last] = value
  File "/project/aip-mtaylor3/cmuslima/ENV/lib/python3.10/site-packages/omegaconf/dictconfig.py", line 40, in __setitem__
    raise KeyError(
KeyError: 'Accessing unknown key in a struct : alpha'
Run time: 4s
